2013/08/23 12:08:43 [error] [exception.CHttpException.404] exception 'CHttpException' with message 'Unable to resolve the request "film".' in C:\Winginx\home\now\public_html\framework\web\CWebApplication.php:286
Stack trace:
#0 C:\Winginx\home\now\public_html\framework\web\CWebApplication.php(141): CWebApplication->runController('film')
#1 C:\Winginx\home\now\public_html\framework\base\CApplication.php(169): CWebApplication->processRequest()
#2 C:\Winginx\home\now\public_html\index.php(14): CApplication->run()
#3 {main}
REQUEST_URI=/index.php?r=film
---
2013/08/23 12:09:31 [error] [exception.CHttpException.404] exception 'CHttpException' with message 'Unable to resolve the request "cinema_banner/".' in C:\Winginx\home\now\public_html\framework\web\CWebApplication.php:286
Stack trace:
#0 C:\Winginx\home\now\public_html\framework\web\CWebApplication.php(141): CWebApplication->runController('cinema_banner/')
#1 C:\Winginx\home\now\public_html\framework\base\CApplication.php(169): CWebApplication->processRequest()
#2 C:\Winginx\home\now\public_html\index.php(14): CApplication->run()
#3 {main}
REQUEST_URI=/index.php?r=cinema_banner/
---
2013/08/23 12:11:37 [error] [exception.CHttpException.404] exception 'CHttpException' with message 'Unable to resolve the request "restaurant/".' in C:\Winginx\home\now\public_html\framework\web\CWebApplication.php:286
Stack trace:
#0 C:\Winginx\home\now\public_html\framework\web\CWebApplication.php(141): CWebApplication->runController('restaurant/')
#1 C:\Winginx\home\now\public_html\framework\base\CApplication.php(169): CWebApplication->processRequest()
#2 C:\Winginx\home\now\public_html\index.php(14): CApplication->run()
#3 {main}
REQUEST_URI=/index.php?r=restaurant/
---
2013/08/23 12:11:51 [error] [exception.CHttpException.404] exception 'CHttpException' with message 'Unable to resolve the request "restorant/".' in C:\Winginx\home\now\public_html\framework\web\CWebApplication.php:286
Stack trace:
#0 C:\Winginx\home\now\public_html\framework\web\CWebApplication.php(141): CWebApplication->runController('restorant/')
#1 C:\Winginx\home\now\public_html\framework\base\CApplication.php(169): CWebApplication->processRequest()
#2 C:\Winginx\home\now\public_html\index.php(14): CApplication->run()
#3 {main}
REQUEST_URI=/index.php?r=restorant/
---
2013/08/23 12:12:01 [error] [exception.CHttpException.404] exception 'CHttpException' with message 'Unable to resolve the request "restauran/".' in C:\Winginx\home\now\public_html\framework\web\CWebApplication.php:286
Stack trace:
#0 C:\Winginx\home\now\public_html\framework\web\CWebApplication.php(141): CWebApplication->runController('restauran/')
#1 C:\Winginx\home\now\public_html\framework\base\CApplication.php(169): CWebApplication->processRequest()
#2 C:\Winginx\home\now\public_html\index.php(14): CApplication->run()
#3 {main}
REQUEST_URI=/index.php?r=restauran/
---
2013/08/23 12:12:24 [error] [exception.CHttpException.404] exception 'CHttpException' with message 'Unable to resolve the request "restaurant/".' in C:\Winginx\home\now\public_html\framework\web\CWebApplication.php:286
Stack trace:
#0 C:\Winginx\home\now\public_html\framework\web\CWebApplication.php(141): CWebApplication->runController('restaurant/')
#1 C:\Winginx\home\now\public_html\framework\base\CApplication.php(169): CWebApplication->processRequest()
#2 C:\Winginx\home\now\public_html\index.php(14): CApplication->run()
#3 {main}
REQUEST_URI=/index.php?r=restaurant/
---
2013/08/23 12:12:29 [error] [exception.CHttpException.404] exception 'CHttpException' with message 'Unable to resolve the request "restaurant".' in C:\Winginx\home\now\public_html\framework\web\CWebApplication.php:286
Stack trace:
#0 C:\Winginx\home\now\public_html\framework\web\CWebApplication.php(141): CWebApplication->runController('restaurant')
#1 C:\Winginx\home\now\public_html\framework\base\CApplication.php(169): CWebApplication->processRequest()
#2 C:\Winginx\home\now\public_html\index.php(14): CApplication->run()
#3 {main}
REQUEST_URI=/index.php?r=restaurant
---
2013/08/23 12:13:12 [error] [exception.CHttpException.404] exception 'CHttpException' with message 'Unable to resolve the request "restaurantbanner/".' in C:\Winginx\home\now\public_html\framework\web\CWebApplication.php:286
Stack trace:
#0 C:\Winginx\home\now\public_html\framework\web\CWebApplication.php(141): CWebApplication->runController('restaurantbanne...')
#1 C:\Winginx\home\now\public_html\framework\base\CApplication.php(169): CWebApplication->processRequest()
#2 C:\Winginx\home\now\public_html\index.php(14): CApplication->run()
#3 {main}
REQUEST_URI=/index.php?r=restaurantbanner/
---
2013/08/23 12:16:57 [error] [exception.CHttpException.404] exception 'CHttpException' with message 'Unable to resolve the request "nightlife/".' in C:\Winginx\home\now\public_html\framework\web\CWebApplication.php:286
Stack trace:
#0 C:\Winginx\home\now\public_html\framework\web\CWebApplication.php(141): CWebApplication->runController('nightlife/')
#1 C:\Winginx\home\now\public_html\framework\base\CApplication.php(169): CWebApplication->processRequest()
#2 C:\Winginx\home\now\public_html\index.php(14): CApplication->run()
#3 {main}
REQUEST_URI=/index.php?r=nightlife/
---
